<?xml version="1.0" encoding="UTF-8"?>
<!-- Generated by org.testng.reporters.JUnitReportReporter -->
<testsuite hostname="DESKTOP-9FMQBDK" failures="0" tests="2" name="com.SauceDemo.Practice.Adelete" time="0.006" errors="0" timestamp="2022-05-24T07:32:11 IST" skipped="0">
  <testcase classname="com.SauceDemo.Practice.Adelete" name="testCase1" time="0.004"/>
  <system-out/>
  <testcase classname="com.SauceDemo.Practice.Adelete" name="testCase2" time="0.002"/>
  <system-out/>
</testsuite> <!-- com.SauceDemo.Practice.Adelete -->
