<?xml version="1.0" encoding="UTF-8"?>
<!-- Generated by org.testng.reporters.JUnitReportReporter -->
<testsuite hostname="DESKTOP-9FMQBDK" failures="0" tests="2" name="com.SauceDemo.Practice.Practice_02" time="0.009" errors="0" timestamp="2022-05-23T07:25:41 IST" skipped="0">
  <testcase classname="com.SauceDemo.Practice.Practice_02" name="singleProductAddToCart" time="0.007"/>
  <system-out/>
  <testcase classname="com.SauceDemo.Practice.Practice_02" name="verifyLoginFunctionality" time="0.002"/>
  <system-out/>
</testsuite> <!-- com.SauceDemo.Practice.Practice_02 -->
