<?xml version="1.0" encoding="UTF-8"?>
<!-- Generated by org.testng.reporters.JUnitReportReporter -->
<testsuite hostname="DESKTOP-9FMQBDK" failures="0" tests="1" name="com.SauceDemo.TestClasses.TC04SingleProductAddToCart" time="8.115" errors="0" timestamp="2022-05-28T07:32:10 IST" skipped="0">
  <testcase classname="com.SauceDemo.TestClasses.TC04SingleProductAddToCart" name="singleProductAddToCart" time="8.115"/>
  <system-out/>
</testsuite> <!-- com.SauceDemo.TestClasses.TC04SingleProductAddToCart -->
